0:100  0:100  MemLog inited, TSC freq: 2808404860
0:100  0:000  CPU was calibrated with RTC
0:100  0:000  
0:100  0:000  Now is 12.10.2019,  16:31:11 (GMT)
0:100  0:000  Starting Clover revision: 5070 on American Megatrends EFI
0:100  0:000  Build with: [Args: -D NO_GRUB_DRIVERS_EMBEDDED | -D NO_GRUB_DRIVERS_EMBEDDED -D USE_LOW_EBDA -a X64 -b RELEASE -t XCODE8 -n 5 | OS: 10.14.6 | XCODE: 10.3]
0:100  0:000  SelfDevicePath=PciRoot(0x0)\Pci(0x17,0x0)\Sata(0x3,0xFFFF,0x0)\HD(1,GPT,0C8769BD-AAB9-4D58-929C-FB1F4144175E,0x28,0x64000) @65CEF658
0:100  0:000  SelfDirPath = \EFI\BOOT
0:101  0:001  SimpleTextEx Status=Success
0:102  0:000  === [ Get Smbios ] ========================================
0:110  0:008  Type 16 Index = 0
0:110  0:000  Total Memory Slots Count = 4
0:110  0:000  Type 17 Index = 0
0:110  0:000  SmbiosTable.Type17->Speed = 2400MHz
0:110  0:000  SmbiosTable.Type17->Size = 8192MB
0:110  0:000  SmbiosTable.Type17->Bank/Device = BANK 0 ChannelA-DIMM0
0:110  0:000  SmbiosTable.Type17->Vendor = Kingston
0:110  0:000  SmbiosTable.Type17->SerialNumber = 060C87BA
0:110  0:000  SmbiosTable.Type17->PartNumber = CBD24D4S7S8MB-8     
0:110  0:000  Type 17 Index = 1
0:110  0:000  Ignoring insane frequency value 0MHz
0:110  0:000  SmbiosTable.Type17->Speed = 0MHz
0:110  0:000  SmbiosTable.Type17->Size = 0MB
0:110  0:000  SmbiosTable.Type17->Bank/Device = BANK 1 ChannelA-DIMM1
0:110  0:000  SmbiosTable.Type17->Vendor = <null string>
0:110  0:000  SmbiosTable.Type17->SerialNumber = <null string>
0:110  0:000  SmbiosTable.Type17->PartNumber = <null string>
0:110  0:000  Type 17 Index = 2
0:110  0:000  SmbiosTable.Type17->Speed = 2400MHz
0:110  0:000  SmbiosTable.Type17->Size = 8192MB
0:110  0:000  SmbiosTable.Type17->Bank/Device = BANK 2 ChannelB-DIMM0
0:110  0:000  SmbiosTable.Type17->Vendor = Kingston
0:110  0:000  SmbiosTable.Type17->SerialNumber = 032B0F7A
0:110  0:000  SmbiosTable.Type17->PartNumber = CBD24D4S7S8MB-8     
0:110  0:000  Type 17 Index = 3
0:110  0:000  Ignoring insane frequency value 0MHz
0:110  0:000  SmbiosTable.Type17->Speed = 0MHz
0:110  0:000  SmbiosTable.Type17->Size = 0MB
0:110  0:000  SmbiosTable.Type17->Bank/Device = BANK 3 ChannelB-DIMM1
0:110  0:000  SmbiosTable.Type17->Vendor = <null string>
0:110  0:000  SmbiosTable.Type17->SerialNumber = <null string>
0:110  0:000  SmbiosTable.Type17->PartNumber = <null string>
0:110  0:000  Boot status=0
0:110  0:000  Running on: 'P65' with board 'P65'
0:110  0:000  === [ GetCPUProperties ] ==================================
0:110  0:000  CPU Vendor = 756E6547 Model=906E9
0:110  0:000   The CPU supported SSE4.1
0:110  0:000  BrandString = Intel(R) Core(TM) i7-7700HQ CPU @ 2.80GHz
0:110  0:000   The CPU supported turbo
0:110  0:000  MSR 0x35               40008
0:110  0:000   TSC/CCC Information Leaf:
0:110  0:000    numerator     : 234
0:110  0:000    denominator   : 2
0:110  0:000   Calibrated ARTFrequency: 24003460
0:110  0:000   Rounded ARTFrequency: 24100000
0:110  0:000  MSR 0xE2 before patch 1E008004
0:110  0:000  MSR 0xE2 is locked, PM patches will be turned on
0:110  0:000  MSR 0xCE              0008083B_F1011C00
0:110  0:000  corrected FLEX_RATIO = 0
0:110  0:000  MSR 0x1B0             00000000
0:110  0:000  FSBFrequency = 97 MHz, DMI FSBFrequency = 100 MHz, Corrected FSBFrequency = 100 MHz
0:110  0:000  MaxDiv/MinDiv: 28.0/8
0:110  0:000  Turbo: 34/35/36/38
0:110  0:000  Features: 0xBFEBFBFF
0:110  0:000  Threads: 8
0:110  0:000  Cores: 4
0:110  0:000  FSB: 100 MHz
0:110  0:000  CPU: 2700 MHz
0:110  0:000  TSC: 2700 MHz
0:110  0:000  PIS: 100 MHz
0:110  0:000  ExternalClock: 25 MHz
0:110  0:000  === [ GetDevices ] ========================================
0:110  0:000  GOP found at: PciRoot(0x0)/Pci(0x2,0x0)/AcpiAdr(0x80011400)
0:110  0:000  PCI (00|00:00.00) : 8086 5910 class=060000
0:110  0:000  PCI (00|00:01.00) : 8086 1901 class=060400
0:110  0:000  PCI (00|01:00.00) : 10DE 1C20 class=030000
0:110  0:000   - GFX: Model=Gigabyte GeForce GTX 1060 family 136 (Pascal)
0:110  0:000  PCI (00|01:00.01) : FFFF FFFF class=FFFFFF
0:110  0:000  PCI (00|00:02.00) : 8086 591B class=030000
0:110  0:000   - GOP: Provided by device
0:110  0:000   - GFX: Model=Intel HD Graphics 630 (Intel)
0:110  0:000  PCI (00|00:08.00) : 8086 1911 class=088000
0:110  0:000  PCI (00|00:14.00) : 8086 A12F class=0C0330
0:110  0:000  PCI (00|00:14.02) : 8086 A131 class=118000
0:110  0:000  PCI (00|00:16.00) : 8086 A13A class=078000
0:110  0:000  PCI (00|00:17.00) : 8086 A103 class=010601
0:110  0:000  PCI (00|00:1C.00) : 8086 A110 class=060400
0:110  0:000  PCI (00|02:00.00) : 10EC 8168 class=020000
0:110  0:000   - LAN: 0 Vendor=Realtek
0:110  0:000  PCI (00|00:1C.02) : 8086 A112 class=060400
0:111  0:000  PCI (00|03:00.00) : 14E4 43B1 class=028000
0:111  0:000   - WIFI: Vendor=Broadcom
0:111  0:000  PCI (00|00:1C.04) : 8086 A114 class=060400
0:111  0:000  PCI (00|04:00.00) : 8086 15DA class=060400
0:111  0:000  PCI (00|05:00.00) : 8086 15DA class=060400
0:111  0:000  PCI (00|06:00.00) : 8086 15D9 class=088000
0:111  0:000  PCI (00|05:01.00) : 8086 15DA class=060400
0:111  0:000  PCI (00|07:00.00) : 8086 1578 class=060400
0:111  0:000  PCI (00|08:00.00) : 8086 1578 class=060400
0:111  0:000  PCI (00|09:00.00) : 1B21 1142 class=0C0330
0:111  0:000  PCI (00|08:01.00) : 8086 1578 class=060400
0:111  0:000  PCI (00|0A:00.00) : 14E4 1682 class=020000
0:111  0:000   - LAN: 1 Vendor=Broadcom
0:111  0:000  PCI (00|08:02.00) : 8086 1578 class=060400
0:111  0:000  PCI (00|08:03.00) : 8086 1578 class=060400
0:111  0:000  PCI (00|08:04.00) : 8086 1578 class=060400
0:111  0:000  PCI (00|0D:00.00) : 8086 15B6 class=0C0330
0:111  0:000  PCI (00|05:02.00) : 8086 15DA class=060400
0:111  0:000  PCI (00|00:1D.00) : 8086 A118 class=060400
0:111  0:000  PCI (00|3D:00.00) : 1987 5012 class=010802
0:111  0:000  PCI (00|00:1F.00) : 8086 A152 class=060100
0:111  0:000  PCI (00|00:1F.02) : 8086 A121 class=058000
0:111  0:000  PCI (00|00:1F.03) : 8086 A171 class=040300
0:111  0:000  PCI (00|00:1F.04) : 8086 A123 class=0C0500
0:111  0:000  === [ GetDefaultSettings ] ================================
0:112  0:000  Clover load options size = 0 bytes
0:118  0:006  EFI\CLOVER\config.plist loaded: Success
0:128  0:010  === [ GetListOfThemes ] ===================================
0:130  0:001  - [00]: embedded
0:132  0:002  - [00]: random
0:135  0:002  - [00]: SimpleThemeDark
0:138  0:003  === [ Found config plists ] ===============================
0:139  0:001  - config.plist
0:140  0:000  === [ GetEarlyUserSettings ] ==============================
0:140  0:000  timeout set to 5
0:140  0:000  Custom boot CUSTOM_BOOT_DISABLED (0x0)
0:140  0:000  ForceKextsToLoad: 1 requested
0:140  0:000   - [0]: System\Library\Extensions\IONetworkingFamily.kext
0:140  0:000  KextsToPatch: 2 requested
0:140  0:000   - [00]: com.apple.iokit.IOUSBHostFamily (USB port limit patch #1 10.15.x modify by DalianSky(credit ydeng)) :: BinPatch :: data len: 4
0:140  0:000   - patch disabled at config
0:140  0:000   - [01]: com.apple.driver.usb.AppleUSBXHCI (USB Port limit patch #2 10.15.x modify by DalianSky) :: BinPatch :: data len: 4
0:140  0:000   - patch disabled at config
0:140  0:000  KernelToPatch: 3 requested
0:140  0:000   - [00]: MSR 0xE2 _xcpm_idle instant reboot(c) Pike R. Alpha :: data len: 8
0:140  0:000   - [01]: Disable panic kext logging on 10.13 release kernel (credit vit9696) :: MatchOS: 10.13.x :: data len: 6
0:140  0:000   - [02]: Disable panic kext logging on 10.14 release kernel (credit vit9696) :: MatchOS: 10.14.x :: data len: 6
0:141  0:000  Default theme: SimpleThemeDark
0:141  0:000  Hiding entries with string Preboot
0:141  0:000  === [ LoadDrivers ] =======================================
0:144  0:003  Loading ApfsDriverLoader.efi  status=Success
0:152  0:008   - driver needs connecting
0:152  0:000  Loading AudioDxe.efi  status=Success
0:158  0:006   - driver needs connecting
0:158  0:000  Loading DataHubDxe.efi  status=Success
0:166  0:007  Loading FSInject.efi  status=Success
0:172  0:006  Loading SMCHelper.efi  status=Success
0:178  0:005  Loading AppleImageLoader.efi  status=Success
0:183  0:005  Loading AppleUISupport.efi  status=Success
0:191  0:007  Loading AptioInputFix.efi  status=Success
0:197  0:005  Loading AptioMemoryFix.efi  status=Success
0:203  0:006  Loading HFSPlus.efi  status=Success
0:209  0:006   - driver needs connecting
0:210  0:000  3 drivers needs connecting ...
0:210  0:000  PlatformDriverOverrideProtocol not found. Installing ... Success
0:210  0:000  HFS+ driver loaded
0:210  0:000  APFS driver loaded
0:210  0:000  Searching for invalid DiskIo BY_DRIVER connects: not found, all ok
4:472  4:262  === [ InitScreen ] ========================================
4:472  0:000  Console modes reported: 4, available modes:
4:472  0:000   - [01]: 80x25 (current mode)
4:472  0:000   - [02]: 80x50
4:472  0:000   - [03]: 100x31
4:472  0:000   - [04]: 240x56
4:472  0:000  SetMaxResolution: found best mode 0: 1920x1080
4:472  0:000   - already set
4:472  0:000  reinit: self device path=PciRoot(0x0)\Pci(0x17,0x0)\Sata(0x3,0xFFFF,0x0)\HD(1,GPT,0C8769BD-AAB9-4D58-929C-FB1F4144175E,0x28,0x64000)
4:474  0:002  Using embedded font: Success
4:475  0:000  === [ GetMacAddress ] =====================================
4:475  0:000  === [ ScanSPD ] ===========================================
4:476  0:001  Scanning SMBus [8086:A123], mmio: 0xDD12A004, ioport: 0xF040, hostc: 0x11
4:495  0:018  Slot: 0 Type 26 8192MB 2400MHz Vendor=Kingston PartNo=CBD24D4S7S8MB-8 SerialNo=0006000C08070B0A
4:514  0:018  Slot: 2 Type 26 8192MB 2400MHz Vendor=Kingston PartNo=CBD24D4S7S8MB-8 SerialNo=0003020B000F070A
4:514  0:000  === [ GetAcpiTablesList ] =================================
4:532  0:017  Get Acpi Tables List from RSDT:
4:532  0:000   - [00]: FACP  GBTUACPI len=132
4:532  0:000   - [01]: APIC  GBTUACPI len=188
4:532  0:000   - [02]: FPDT  GBTUACPI len=68
4:532  0:000   - [03]: MCFG  GBTUACPI len=60
4:532  0:000   - [04]: SSDT  SataTabl len=882
4:532  0:000   - [05]: FIDT  GBTUACPI len=156
4:532  0:000   - [06]: SLIC  GBTUACPI len=374
4:532  0:000   - [07]: SSDT  SaSsdt  len=12633
4:532  0:000   - [08]: SSDT  PegSsdt len=10461
4:532  0:000   - [09]: HPET  KBL len=56
4:532  0:000   - [10]: SSDT  Ther_Rvp len=3557
4:532  0:000   - [11]: SSDT  xh_rvp11 len=2302
4:532  0:000   - [12]: UEFI  EDK2     len=66
4:532  0:000   - [13]: SSDT  CpuSsdt len=3806
4:532  0:000   - [14]: LPIT  KBL len=148
4:532  0:000   - [15]: WSMT  KBL len=40
4:532  0:000   - [16]: SSDT  HdaDsp len=321
4:532  0:000   - [17]: SSDT  sensrhub len=671
4:532  0:000   - [18]: SSDT  PtidDevc len=12290
4:532  0:000   - [19]: SSDT  TbtTypeC len=542
4:532  0:000   - [20]: DBGP   len=52
4:532  0:000   - [21]: DBG2   len=84
4:532  0:000   - [22]: BGRT  GBTUACPI len=56
4:532  0:000   - [23]: SSDT  SgPeg len=174
4:532  0:000   - [24]: DMAR  KBL  len=168
4:532  0:000   - [25]: TPM2  Tpm2Tabl len=52
4:532  0:000   - [26]: SSDT  OptTabl len=7415
4:532  0:000   - [27]: ASF!   HCG len=160
4:532  0:000  Calibrated TSC Frequency = 2808404860 = 2808MHz
4:532  0:000  === [ GetUserSettings ] ===================================
4:532  0:000  Add 2 devices:
4:532  0:000  USB FixOwnership: yes
4:532  0:000  Dropping 3 tables:
4:532  0:000   - [00]: Drop table  signature="#MCF" (46434D23)
4:532  0:000           - set table: 46434D23,                0 to drop: no
4:532  0:000   - [01]: Drop table  signature="DMAR" (52414D44)
4:532  0:000           - set table: 52414D44,                0 to drop: yes
4:532  0:000   - [02]: Drop table  signature="SSDT" (54445353) table-id="xh_rvp10" (30317076725F6878)
4:532  0:000           - set table: 54445353, 30317076725F6878 to drop: no
4:532  0:000   - final DSDT Fix mask=00000000
4:532  0:000  PatchesDSDT: 12 requested
4:532  0:000   - [00]: (change EHC1 to EH01) lenToFind: 4, lenToReplace: 4, Target Bridge: <null string>
4:532  0:000    patch disabled at config
4:532  0:000   - [01]: (change EHC2 to EH02) lenToFind: 4, lenToReplace: 4, Target Bridge: <null string>
4:532  0:000    patch disabled at config
4:532  0:000   - [02]: (change HDAS to HDEF) lenToFind: 4, lenToReplace: 4, Target Bridge: <null string>
4:532  0:000   - [03]: (change HECI to IMEI) lenToFind: 4, lenToReplace: 4, Target Bridge: <null string>
4:532  0:000   - [04]: (change MEI to IMEI) lenToFind: 4, lenToReplace: 4, Target Bridge: <null string>
4:532  0:000   - [05]: (change GFX0 to IGPU) lenToFind: 4, lenToReplace: 4, Target Bridge: <null string>
4:532  0:000   - [06]: (change OSID to XSID (to avoid match against _OSI XOSI patch)) lenToFind: 4, lenToReplace: 4, Target Bridge: <null string>
4:532  0:000    patch disabled at config
4:532  0:000   - [07]: (change _OSI to XOSI) lenToFind: 4, lenToReplace: 4, Target Bridge: <null string>
4:532  0:000    patch disabled at config
4:532  0:000   - [08]: (change _DSM to XDSM) lenToFind: 4, lenToReplace: 4, Target Bridge: <null string>
4:532  0:000    patch disabled at config
4:532  0:000   - [09]: (change EC0 to EC) lenToFind: 4, lenToReplace: 4, Target Bridge: <null string>
4:532  0:000    patch disabled at config
4:532  0:000   - [10]: (change H_EC to EC) lenToFind: 4, lenToReplace: 4, Target Bridge: <null string>
4:532  0:000    patch disabled at config
4:532  0:000   - [11]: (change ECDV to EC) lenToFind: 4, lenToReplace: 4, Target Bridge: <null string>
4:532  0:000    patch disabled at config
4:532  0:000  Using ProductName from config: MacBookPro14,3
4:532  0:000  Found same BiosVersion in clover and config
4:532  0:000  BiosVersion: MBP143.88Z.F000.B00.1906171614
4:532  0:000  BiosReleaseDate: 06/17/2019
4:532  0:000  Using EfiVersion from clover: 198.0.0.0.0
4:532  0:000  Using FirmwareFeatures from config: 0xFC0FE13F
4:532  0:000  Using FirmwareFeaturesMask from config: 0xFF1FFF3F
4:532  0:000  Board-ID set from config as Mac-551B86E5744E2388
4:532  0:000  BoardType: 0xA
4:532  0:000  ChassisType: 0x9
4:534  0:002  === [ Found DSDT tables ] =================================
4:535  0:001  - DSDT.aml
5:144  0:608  === [ ScanVolumes ] =======================================
5:144  0:000  Found 26 volumes with blockIO
5:144  0:000  - [00]: Volume: PciRoot(0x0)\Pci(0x1C,0x4)\Pci(0x0,0x0)\Pci(0x1,0x0)\Pci(0x0,0x0)\Pci(0x0,0x0)\Pci(0x0,0x0)\USB(0x0,0x0)\USB(0x0,0x0)
5:144  0:000          USB volume
5:144  0:000          USB volume
5:144  0:000  - [01]: Volume: PciRoot(0x0)\Pci(0x1C,0x4)\Pci(0x0,0x0)\Pci(0x1,0x0)\Pci(0x0,0x0)\Pci(0x0,0x0)\Pci(0x0,0x0)\USB(0x0,0x0)\USB(0x0,0x0)\HD(1,GPT,831A5BFD-9CAC-4FB9-B7F4-F360F3987E8C,0x28,0x64000)
5:145  0:000          Result of bootcode detection: bootable unknown (legacy)
5:145  0:000          USB volume
5:145  0:000          USB volume
5:148  0:003  - [02]: Volume: PciRoot(0x0)\Pci(0x1C,0x4)\Pci(0x0,0x0)\Pci(0x1,0x0)\Pci(0x0,0x0)\Pci(0x0,0x0)\Pci(0x0,0x0)\USB(0x0,0x0)\USB(0x0,0x0)\HD(2,GPT,3CE95310-0944-4B25-9CE1-094B91916A04,0x64028,0x1374378)
5:149  0:001          USB volume
5:149  0:000          USB volume
5:149  0:000  - [03]: Volume: PciRoot(0x0)\Pci(0x1C,0x4)\Pci(0x0,0x0)\Pci(0x1,0x0)\Pci(0x0,0x0)\Pci(0x0,0x0)\Pci(0x0,0x0)\USB(0x0,0x0)\USB(0x0,0x0)\HD(3,GPT,7355B435-B5BA-4F19-8EC6-4F126AE76D94,0x1418800,0x1373800)
5:150  0:000          Result of bootcode detection: bootable unknown (legacy)
5:150  0:000          USB volume
5:150  0:000          USB volume
5:150  0:000  - [04]: Volume: PciRoot(0x0)\Pci(0x1C,0x4)\Pci(0x0,0x0)\Pci(0x1,0x0)\Pci(0x0,0x0)\Pci(0x0,0x0)\Pci(0x0,0x0)\USB(0x0,0x0)\USB(0x0,0x0)\HD(4,GPT,FF3F008C-8401-49E4-B99D-F0196EDBEE80,0x27CC800,0x1374800)
5:150  0:000          USB volume
5:150  0:000          USB volume
5:150  0:000  - [05]: Volume: PciRoot(0x0)\Pci(0x1C,0x4)\Pci(0x0,0x0)\Pci(0x1,0x0)\Pci(0x0,0x0)\Pci(0x0,0x0)\Pci(0x0,0x0)\USB(0x0,0x0)\USB(0x1,0x0)
5:151  0:000          USB volume
5:151  0:000          USB volume
5:151  0:000  - [06]: Volume: PciRoot(0x0)\Pci(0x1C,0x4)\Pci(0x0,0x0)\Pci(0x1,0x0)\Pci(0x0,0x0)\Pci(0x0,0x0)\Pci(0x0,0x0)\USB(0x0,0x0)\USB(0x1,0x0)\HD(1,GPT,230F746A-3766-4793-8004-9CBE8F3B5074,0x28,0x64000)
5:151  0:000          Result of bootcode detection: bootable unknown (legacy)
5:151  0:000          USB volume
5:151  0:000          USB volume
5:151  0:000  - [07]: Volume: PciRoot(0x0)\Pci(0x1C,0x4)\Pci(0x0,0x0)\Pci(0x1,0x0)\Pci(0x0,0x0)\Pci(0x0,0x0)\Pci(0x0,0x0)\USB(0x0,0x0)\USB(0x1,0x0)\HD(2,GPT,AC143C27-C7D3-4DC6-883B-A9B603F58A18,0x64800,0xAB175800)
5:152  0:000          Result of bootcode detection: bootable unknown (legacy)
5:152  0:000          USB volume
5:152  0:000          USB volume
5:152  0:000  - [08]: Volume: PciRoot(0x0)\Pci(0x1C,0x4)\Pci(0x0,0x0)\Pci(0x1,0x0)\Pci(0x0,0x0)\Pci(0x0,0x0)\Pci(0x0,0x0)\USB(0x0,0x0)\USB(0x1,0x0)\HD(3,GPT,31946499-45A3-4319-A704-B631F50B7677,0xAB21A5B0,0x3DB9E228)
5:153  0:000          USB volume
5:153  0:000          USB volume
5:153  0:000  - [09]: Volume: PciRoot(0x0)\Pci(0x1C,0x4)\Pci(0x0,0x0)\Pci(0x1,0x0)\Pci(0x0,0x0)\Pci(0x4,0x0)\Pci(0x0,0x0)\USB(0x1,0x0)
5:153  0:000          USB volume
5:153  0:000  - [10]: Volume: PciRoot(0x0)\Pci(0x17,0x0)\Sata(0x3,0xFFFF,0x0)
5:153  0:000  - [11]: Volume: PciRoot(0x0)\Pci(0x17,0x0)\Sata(0x3,0xFFFF,0x0)\HD(1,GPT,0C8769BD-AAB9-4D58-929C-FB1F4144175E,0x28,0x64000)
5:154  0:000          Result of bootcode detection: bootable unknown (legacy)
5:156  0:002          This is SelfVolume !!
5:156  0:000  - [12]: Volume: PciRoot(0x0)\Pci(0x17,0x0)\Sata(0x3,0xFFFF,0x0)\HD(2,GPT,411417A9-8A74-4132-A10C-36550D450277,0x64028,0x3D1753C0)
5:156  0:000          Result of bootcode detection: bootable unknown (legacy)
5:156  0:000  - [13]: Volume: PciRoot(0x0)\Pci(0x1D,0x0)\Pci(0x0,0x0)\NVMe(0x1,20-20-60-28-22-A7-79-64)
5:157  0:000  - [14]: Volume: PciRoot(0x0)\Pci(0x1D,0x0)\Pci(0x0,0x0)\NVMe(0x1,20-20-60-28-22-A7-79-64)\HD(1,GPT,15BF2845-A630-11E9-9EB5-0009A878193F,0x800,0x8000CE2)
5:157  0:000          Result of bootcode detection: bootable Windows (vista,win)
5:157  0:000  - [15]: Volume: PciRoot(0x0)\Pci(0x1D,0x0)\Pci(0x0,0x0)\NVMe(0x1,20-20-60-28-22-A7-79-64)\HD(2,GPT,15BF2852-A630-11E9-9EB5-0009A878193F,0x8001800,0x200011AD)
5:157  0:000          Result of bootcode detection: bootable Windows (vista,win)
5:157  0:000  - [16]: Volume: PciRoot(0x0)\Pci(0x1D,0x0)\Pci(0x0,0x0)\NVMe(0x1,20-20-60-28-22-A7-79-64)\HD(3,GPT,15BF285A-A630-11E9-9EB5-0009A878193F,0x28003000,0x2000131E)
5:157  0:000          Result of bootcode detection: bootable Windows (vista,win)
5:157  0:000  - [17]: Volume: PciRoot(0x0)\Pci(0x1D,0x0)\Pci(0x0,0x0)\NVMe(0x1,20-20-60-28-22-A7-79-64)\HD(4,GPT,604725AF-1523-4CA1-8F64-2B23C6192583,0x48004320,0xC001CFC)
5:157  0:000          Result of bootcode detection: bootable Windows (vista,win)
5:157  0:000  - [18]: Volume: PciRoot(0x0)\Pci(0x1D,0x0)\Pci(0x0,0x0)\NVMe(0x1,20-20-60-28-22-A7-79-64)\HD(5,GPT,37566443-F676-4D1B-BB00-11AEC186C84F,0x54006800,0xFA000)
5:157  0:000          Result of bootcode detection: bootable Windows (vista,win)
5:158  0:000  - [19]: Volume: PciRoot(0x0)\Pci(0x1D,0x0)\Pci(0x0,0x0)\NVMe(0x1,20-20-60-28-22-A7-79-64)\HD(6,GPT,F2F30A04-3875-4DCA-8160-A97BDA4012D6,0x54100800,0x40000)
5:158  0:000  - [20]: Volume: PciRoot(0x0)\Pci(0x1D,0x0)\Pci(0x0,0x0)\NVMe(0x1,20-20-60-28-22-A7-79-64)\HD(7,GPT,90B49CAD-AACA-42BF-ADEA-CD3FDB98F05D,0x54140800,0x20000800)
5:158  0:000          Result of bootcode detection: bootable Windows (vista,win)
5:158  0:000  - [21]: Volume: PciRoot(0x0)\Pci(0x17,0x0)\Sata(0x3,0xFFFF,0x0)\HD(2,GPT,411417A9-8A74-4132-A10C-36550D450277,0x64028,0x3D1753C0)\VenMedia(BE74FCF7-0B7C-49F3-9147-01F4042E6842,58B58E22E1F57C49BD845983DFEC8BE3)
5:158  0:000          hiding this volume
5:158  0:000  - [22]: Volume: PciRoot(0x0)\Pci(0x17,0x0)\Sata(0x3,0xFFFF,0x0)\HD(2,GPT,411417A9-8A74-4132-A10C-36550D450277,0x64028,0x3D1753C0)\VenMedia(BE74FCF7-0B7C-49F3-9147-01F4042E6842,06020EFAB2A1A035A3D6D5107221C5F9)
5:158  0:000  - [23]: Volume: PciRoot(0x0)\Pci(0x17,0x0)\Sata(0x3,0xFFFF,0x0)\HD(2,GPT,411417A9-8A74-4132-A10C-36550D450277,0x64028,0x3D1753C0)\VenMedia(BE74FCF7-0B7C-49F3-9147-01F4042E6842,20CA1DC9C635614CB5578C04A5932B9B)
5:158  0:000  - [24]: Volume: PciRoot(0x0)\Pci(0x17,0x0)\Sata(0x3,0xFFFF,0x0)\HD(2,GPT,411417A9-8A74-4132-A10C-36550D450277,0x64028,0x3D1753C0)\VenMedia(BE74FCF7-0B7C-49F3-9147-01F4042E6842,9397756DDFC2AA479D60A8CD4D591F49)
5:158  0:000  - [25]: Volume: PciRoot(0x0)\Pci(0x17,0x0)\Sata(0x3,0xFFFF,0x0)\HD(2,GPT,411417A9-8A74-4132-A10C-36550D450277,0x64028,0x3D1753C0)\VenMedia(BE74FCF7-0B7C-49F3-9147-01F4042E6842,F4EE2065ADE3454999AA78641600387F)
5:158  0:000  found 2 handles with audio
5:159  0:000  No AudioIoDevice stored
5:159  0:000  no stored audio parameters
5:159  0:000  === [ InitTheme ] =========================================
5:159  0:000  use daylight theme
5:164  0:005  Using theme 'SimpleThemeDark' (EFI\CLOVER\themes\SimpleThemeDark)
5:165  0:000  OS main and drive as badge
5:165  0:000  file sound read: sound.wav Not Found
5:169  0:003  Loading font from ThemeDir: Success
5:169  0:000  theme inited
5:169  0:000  Chosen theme SimpleThemeDark
5:170  0:000  after NVRAM boot-args=-disablegfxfirmware -igfxnohdmi lilucpu=9 -cdfon
5:170  0:000  === [ Dump SMC keys from NVRAM ] ==========================
5:170  0:000  found AppleSMC protocol
5:241  0:071  Registered 17 SMC keys
5:244  0:002  === [ AddCustomEntries ] ==================================
5:244  0:000  Custom entry 0 Title:"Recovery" Path:"\com.apple.recovery.boot\boot.efi" Type:10 Flags:0x6 matching all volumes
5:244  0:000      Checking volume "EFI" (PciRoot(0x0)\Pci(0x1C,0x4)\Pci(0x0,0x0)\Pci(0x1,0x0)\Pci(0x0,0x0)\Pci(0x0,0x0)\Pci(0x0,0x0)\USB(0x0,0x0)\USB(0x0,0x0)\HD(1,GPT,831A5BFD-9CAC-4FB9-B7F4-F360F3987E8C,0x28,0x64000)) ... skipped because path does not exist
5:244  0:000      Checking volume "Install macOS High Sierra" (PciRoot(0x0)\Pci(0x1C,0x4)\Pci(0x0,0x0)\Pci(0x1,0x0)\Pci(0x0,0x0)\Pci(0x0,0x0)\Pci(0x0,0x0)\USB(0x0,0x0)\USB(0x0,0x0)\HD(2,GPT,3CE95310-0944-4B25-9CE1-094B91916A04,0x64028,0x1374378)) ... skipped because path does not exist
5:244  0:000      Checking volume "Install macOS Mojave" (PciRoot(0x0)\Pci(0x1C,0x4)\Pci(0x0,0x0)\Pci(0x1,0x0)\Pci(0x0,0x0)\Pci(0x0,0x0)\Pci(0x0,0x0)\USB(0x0,0x0)\USB(0x0,0x0)\HD(4,GPT,FF3F008C-8401-49E4-B99D-F0196EDBEE80,0x27CC800,0x1374800)) ... skipped because path does not exist
5:244  0:000      Checking volume "EFI" (PciRoot(0x0)\Pci(0x1C,0x4)\Pci(0x0,0x0)\Pci(0x1,0x0)\Pci(0x0,0x0)\Pci(0x0,0x0)\Pci(0x0,0x0)\USB(0x0,0x0)\USB(0x1,0x0)\HD(1,GPT,230F746A-3766-4793-8004-9CBE8F3B5074,0x28,0x64000)) ... skipped because path does not exist
5:244  0:000      Checking volume "TimeMachine" (PciRoot(0x0)\Pci(0x1C,0x4)\Pci(0x0,0x0)\Pci(0x1,0x0)\Pci(0x0,0x0)\Pci(0x0,0x0)\Pci(0x0,0x0)\USB(0x0,0x0)\USB(0x1,0x0)\HD(3,GPT,31946499-45A3-4319-A704-B631F50B7677,0xAB21A5B0,0x3DB9E228)) ... skipped because path does not exist
5:244  0:000      Checking volume "EFI" (PciRoot(0x0)\Pci(0x17,0x0)\Sata(0x3,0xFFFF,0x0)\HD(1,GPT,0C8769BD-AAB9-4D58-929C-FB1F4144175E,0x28,0x64000)) ... skipped because path does not exist
5:244  0:000      Checking volume "EFI" (PciRoot(0x0)\Pci(0x1D,0x0)\Pci(0x0,0x0)\NVMe(0x1,20-20-60-28-22-A7-79-64)\HD(5,GPT,37566443-F676-4D1B-BB00-11AEC186C84F,0x54006800,0xFA000)) ... skipped because path does not exist
5:245  0:000      Checking volume "Preboot" (PciRoot(0x0)\Pci(0x17,0x0)\Sata(0x3,0xFFFF,0x0)\HD(2,GPT,411417A9-8A74-4132-A10C-36550D450277,0x64028,0x3D1753C0)\VenMedia(BE74FCF7-0B7C-49F3-9147-01F4042E6842,58B58E22E1F57C49BD845983DFEC8BE3)) ... skipped because volume is hidden
5:245  0:000      Checking volume "Catalina - pn" (PciRoot(0x0)\Pci(0x17,0x0)\Sata(0x3,0xFFFF,0x0)\HD(2,GPT,411417A9-8A74-4132-A10C-36550D450277,0x64028,0x3D1753C0)\VenMedia(BE74FCF7-0B7C-49F3-9147-01F4042E6842,06020EFAB2A1A035A3D6D5107221C5F9)) ... skipped because path does not exist
5:245  0:000      Checking volume "Recovery" (PciRoot(0x0)\Pci(0x17,0x0)\Sata(0x3,0xFFFF,0x0)\HD(2,GPT,411417A9-8A74-4132-A10C-36550D450277,0x64028,0x3D1753C0)\VenMedia(BE74FCF7-0B7C-49F3-9147-01F4042E6842,20CA1DC9C635614CB5578C04A5932B9B)) ... skipped because path does not exist
5:245  0:000      Checking volume "VM" (PciRoot(0x0)\Pci(0x17,0x0)\Sata(0x3,0xFFFF,0x0)\HD(2,GPT,411417A9-8A74-4132-A10C-36550D450277,0x64028,0x3D1753C0)\VenMedia(BE74FCF7-0B7C-49F3-9147-01F4042E6842,9397756DDFC2AA479D60A8CD4D591F49)) ... skipped because path does not exist
5:245  0:000      Checking volume "Catalina" (PciRoot(0x0)\Pci(0x17,0x0)\Sata(0x3,0xFFFF,0x0)\HD(2,GPT,411417A9-8A74-4132-A10C-36550D450277,0x64028,0x3D1753C0)\VenMedia(BE74FCF7-0B7C-49F3-9147-01F4042E6842,F4EE2065ADE3454999AA78641600387F)) ... skipped because path does not exist
5:245  0:000  Custom entry 1 Title:"Windows" Path:"\EFI\Microsoft\Boot\bootmgfw.efi" Options:"-s -h" Type:7 Flags:0x0 matching all volumes
5:245  0:000      Checking volume "EFI" (PciRoot(0x0)\Pci(0x1C,0x4)\Pci(0x0,0x0)\Pci(0x1,0x0)\Pci(0x0,0x0)\Pci(0x0,0x0)\Pci(0x0,0x0)\USB(0x0,0x0)\USB(0x0,0x0)\HD(1,GPT,831A5BFD-9CAC-4FB9-B7F4-F360F3987E8C,0x28,0x64000)) ... skipped because path does not exist
5:247  0:002      Checking volume "Install macOS High Sierra" (PciRoot(0x0)\Pci(0x1C,0x4)\Pci(0x0,0x0)\Pci(0x1,0x0)\Pci(0x0,0x0)\Pci(0x0,0x0)\Pci(0x0,0x0)\USB(0x0,0x0)\USB(0x0,0x0)\HD(2,GPT,3CE95310-0944-4B25-9CE1-094B91916A04,0x64028,0x1374378)) ... skipped because path does not exist
5:247  0:000      Checking volume "Install macOS Mojave" (PciRoot(0x0)\Pci(0x1C,0x4)\Pci(0x0,0x0)\Pci(0x1,0x0)\Pci(0x0,0x0)\Pci(0x0,0x0)\Pci(0x0,0x0)\USB(0x0,0x0)\USB(0x0,0x0)\HD(4,GPT,FF3F008C-8401-49E4-B99D-F0196EDBEE80,0x27CC800,0x1374800)) ... skipped because path does not exist
5:247  0:000      Checking volume "EFI" (PciRoot(0x0)\Pci(0x1C,0x4)\Pci(0x0,0x0)\Pci(0x1,0x0)\Pci(0x0,0x0)\Pci(0x0,0x0)\Pci(0x0,0x0)\USB(0x0,0x0)\USB(0x1,0x0)\HD(1,GPT,230F746A-3766-4793-8004-9CBE8F3B5074,0x28,0x64000)) ... skipped because path does not exist
5:247  0:000      Checking volume "TimeMachine" (PciRoot(0x0)\Pci(0x1C,0x4)\Pci(0x0,0x0)\Pci(0x1,0x0)\Pci(0x0,0x0)\Pci(0x0,0x0)\Pci(0x0,0x0)\USB(0x0,0x0)\USB(0x1,0x0)\HD(3,GPT,31946499-45A3-4319-A704-B631F50B7677,0xAB21A5B0,0x3DB9E228)) ... skipped because path does not exist
5:247  0:000      Checking volume "EFI" (PciRoot(0x0)\Pci(0x17,0x0)\Sata(0x3,0xFFFF,0x0)\HD(1,GPT,0C8769BD-AAB9-4D58-929C-FB1F4144175E,0x28,0x64000)) ... skipped because path does not exist
5:247  0:000      Checking volume "EFI" (PciRoot(0x0)\Pci(0x1D,0x0)\Pci(0x0,0x0)\NVMe(0x1,20-20-60-28-22-A7-79-64)\HD(5,GPT,37566443-F676-4D1B-BB00-11AEC186C84F,0x54006800,0xFA000)) ... match!
5:257  0:009  Custom settings: <null string>.plist will  be applied
5:257  0:000      Checking volume "Preboot" (PciRoot(0x0)\Pci(0x17,0x0)\Sata(0x3,0xFFFF,0x0)\HD(2,GPT,411417A9-8A74-4132-A10C-36550D450277,0x64028,0x3D1753C0)\VenMedia(BE74FCF7-0B7C-49F3-9147-01F4042E6842,58B58E22E1F57C49BD845983DFEC8BE3)) ... skipped because volume is hidden
5:257  0:000      Checking volume "Catalina - pn" (PciRoot(0x0)\Pci(0x17,0x0)\Sata(0x3,0xFFFF,0x0)\HD(2,GPT,411417A9-8A74-4132-A10C-36550D450277,0x64028,0x3D1753C0)\VenMedia(BE74FCF7-0B7C-49F3-9147-01F4042E6842,06020EFAB2A1A035A3D6D5107221C5F9)) ... skipped because path does not exist
5:257  0:000      Checking volume "Recovery" (PciRoot(0x0)\Pci(0x17,0x0)\Sata(0x3,0xFFFF,0x0)\HD(2,GPT,411417A9-8A74-4132-A10C-36550D450277,0x64028,0x3D1753C0)\VenMedia(BE74FCF7-0B7C-49F3-9147-01F4042E6842,20CA1DC9C635614CB5578C04A5932B9B)) ... skipped because path does not exist
5:257  0:000      Checking volume "VM" (PciRoot(0x0)\Pci(0x17,0x0)\Sata(0x3,0xFFFF,0x0)\HD(2,GPT,411417A9-8A74-4132-A10C-36550D450277,0x64028,0x3D1753C0)\VenMedia(BE74FCF7-0B7C-49F3-9147-01F4042E6842,9397756DDFC2AA479D60A8CD4D591F49)) ... skipped because path does not exist
5:257  0:000      Checking volume "Catalina" (PciRoot(0x0)\Pci(0x17,0x0)\Sata(0x3,0xFFFF,0x0)\HD(2,GPT,411417A9-8A74-4132-A10C-36550D450277,0x64028,0x3D1753C0)\VenMedia(BE74FCF7-0B7C-49F3-9147-01F4042E6842,F4EE2065ADE3454999AA78641600387F)) ... skipped because path does not exist
5:257  0:000  === [ ScanLoader ] ========================================
5:257  0:000  - [01]: 'EFI'
5:342  0:085          AddLoaderEntry for Volume Name=EFI
5:342  0:000          skipped because entry is hidden
5:342  0:000  - [02]: 'Install macOS High Sierra'
5:343  0:000          AddLoaderEntry for Volume Name=Install macOS High Sierra
5:440  0:096  - [04]: 'Install macOS Mojave'
5:441  0:001          AddLoaderEntry for Volume Name=Install macOS Mojave
5:535  0:094  - [06]: 'EFI'
5:620  0:085  - [08]: 'TimeMachine'
5:707  0:086  - [11]: 'EFI'
5:821  0:114          AddLoaderEntry for Volume Name=EFI
5:821  0:000          skipped because entry is hidden
5:821  0:000  - [18]: 'EFI'
5:823  0:001          AddLoaderEntry for Volume Name=EFI
5:823  0:000       skipped because path `PciRoot(0x0)\Pci(0x1D,0x0)\Pci(0x0,0x0)\NVMe(0x1,20-20-60-28-22-A7-79-64)\HD(5,GPT,37566443-F676-4D1B-BB00-11AEC186C84F,0x54006800,0xFA000)\EFI\microsoft\Boot\bootmgfw.efii` already exists for another entry!
5:911  0:088          AddLoaderEntry for Volume Name=EFI
5:911  0:000          skipped because entry is hidden
5:911  0:000  - [21]: 'Preboot', hidden
5:911  0:000  - [22]: 'Catalina - pn'
6:000  0:089  - [23]: 'Recovery'
6:001  0:000          AddLoaderEntry for Volume Name=Recovery
6:097  0:095  - [24]: 'VM'
6:182  0:085  - [25]: 'Catalina'
6:202  0:020          AddLoaderEntry for Volume Name=Catalina
6:208  0:005      hibernated: set as never
6:211  0:003          [!] Icon 18 (icons\vol_internal_apfs.icns) not found (path: EFI\CLOVER\themes\SimpleThemeDark)
6:302  0:090  === [ AddCustomTool ] =====================================
6:306  0:003  found tool \EFI\CLOVER\tools\Shell64U.efi
6:306  0:000  Checking EFI partition Volume 1 for Clover
6:309  0:002   Found Clover
6:320  0:011  === [ GetEfiBootDeviceFromNvram ] =========================
6:321  0:001   - efi-boot-device-data: PciRoot(0x0)\Pci(0x17,0x0)\Sata(0x3,0xFFFF,0x0)\HD(2,GPT,411417A9-8A74-4132-A10C-36550D450277,0x64028,0x3D1753C0)\VenMedia(BE74FCF7-0B7C-49F3-9147-01F4042E6842,F4EE2065ADE3454999AA78641600387F)
6:321  0:000    - Volume: 'PciRoot(0x0)\Pci(0x17,0x0)\Sata(0x3,0xFFFF,0x0)\HD(2,GPT,411417A9-8A74-4132-A10C-36550D450277,0x64028,0x3D1753C0)\VenMedia(BE74FCF7-0B7C-49F3-9147-01F4042E6842,F4EE2065ADE3454999AA78641600387F)'
6:321  0:000    - LoaderPath: '<null string>'
6:321  0:000    - Guid = 411417A9-8A74-4132-A10C-36550D450277
6:321  0:000  === [ FindStartupDiskVolume ] =============================
6:321  0:000    - Volume: partition = PciRoot(0x0)\Pci(0x17,0x0)\Sata(0x3,0xFFFF,0x0)\HD(2,GPT,411417A9-8A74-4132-A10C-36550D450277,0x64028,0x3D1753C0)\VenMedia(BE74FCF7-0B7C-49F3-9147-01F4042E6842,F4EE2065ADE3454999AA78641600387F)
6:321  0:000     - searching for that partition
6:321  0:000      - found entry 4. 'Boot macOS from Catalina', Volume 'Catalina'
6:321  0:000  Boot redirected to Entry 4. 'Boot macOS from Catalina'
6:321  0:000  DefaultIndex=4 and MainMenu.EntryCount=11
6:414  0:093          [!] Icon 11 (icons\pointer.png) not found (path: EFI\CLOVER\themes\SimpleThemeDark)
6:416  0:002  GUI ready
29:999  23:582  exit from MainMenu 1
30:000  0:000  ParseBootOption: invalid input params
30:000  0:000  BootVariable of the entry is empty
30:000  0:000  === [ StartLoader ] =======================================
30:000  0:000  Finally: ExternalClock=26MHz BusSpeed=100301kHz CPUFreq=2808MHz PIS: hw.busfrequency=104000000Hz
30:000  0:000  Loading boot.efi  status=Success
30:057  0:057  GetOSVersion: 10.15 (19A583)
30:057  0:000  CSR_CFG: CSR_ALLOW_UNTRUSTED_KEXTS | CSR_ALLOW_UNRESTRICTED_FS | CSR_ALLOW_TASK_FOR_PID | CSR_ALLOW_UNRESTRICTED_DTRACE | CSR_ALLOW_UNRESTRICTED_NVRAM
30:057  0:000  Filtering KextPatches:
30:057  0:000   - [00]: com.apple.iokit.IOUSBHostFamily (USB port limit patch #1 10.15.x modify by DalianSky(credit ydeng)) :: BinPatch :: [OS: 10.15 | MatchOS: All | MatchBuild: All] ==> disabled by user
30:057  0:000   - [01]: com.apple.driver.usb.AppleUSBXHCI (USB Port limit patch #2 10.15.x modify by DalianSky) :: BinPatch :: [OS: 10.15 | MatchOS: All | MatchBuild: All] ==> disabled by user
30:057  0:000  Filtering KernelPatches:
30:057  0:000   - [00]: MSR 0xE2 _xcpm_idle instant reboot(c) Pike R. Alpha :: [OS: 10.15 | MatchOS: All | MatchBuild: no] ==> allowed by OS
30:057  0:000   - [01]: Disable panic kext logging on 10.13 release kernel (credit vit9696) :: [OS: 10.15 | MatchOS: 10.13.x | MatchBuild: no] ==> not allowed by OS
30:057  0:000   - [02]: Disable panic kext logging on 10.14 release kernel (credit vit9696) :: [OS: 10.15 | MatchOS: 10.14.x | MatchBuild: no] ==> not allowed by OS
30:057  0:000  Will not patch boot.efi
30:057  0:000  === [ PatchSmbios ] =======================================
30:057  0:000  insert table 9 for dev 0:0
30:057  0:000  insert table 9 for dev 0:0
30:057  0:000  insert table 9 for dev 0:0
30:057  0:000  Table 11 present, but rewritten for us
30:058  0:000  Trusting SMBIOS...
30:058  0:000  Channels: 2
30:058  0:000  Interleave: 0 2 1 3 4 6 5 7 8 10 9 11 12 14 13 15 16 18 17 19 20 22 21 23
30:058  0:000   partNum=CBD24D4S7S8MB-8     
30:058  0:000  SMBIOS Type 17 Index = 0 => 0 0:
30:058  0:000  BANK 0 DIMM0 2400MHz 8192MB
30:058  0:000   partNum=CBD24D4S7S8MB-8     
30:058  0:000  SMBIOS Type 17 Index = 1 => 2 2:
30:058  0:000  BANK 1 DIMM0 2400MHz 8192MB
30:058  0:000  mTotalSystemMemory = 16384
30:058  0:000  NumberOfMemoryDevices = 2
30:058  0:000  Type20[0]->End = 0x7FFFFF, Type17[0] = 0x2000
30:058  0:000  Type20[1]->End = 0xFFFFFF, Type17[1] = 0x6000
30:058  0:000  Table 131 is present, CPUType=31
30:058  0:000  Change to: 705
30:058  0:000  === [ PatchACPI ] =========================================
30:058  0:000  Xsdt reallocation done
30:058  0:000  old FADT length=114
30:058  0:000   SignatureFixup: 0x13017E02 -> 0x0
30:059  0:001  DSDT found in Clover volume OEM folder: EFI\CLOVER\ACPI\patched\DSDT.aml
30:063  0:003  Apply DsdtFixMask=0x00000000
30:063  0:000     drop _DSM mask=0x0000
30:063  0:000  === [ FixBiosDsdt ] =======================================
30:064  0:001  Patching DSDT:
30:064  0:000   - [change EHC1 to EH01]: disabled
30:064  0:000   - [change EHC2 to EH02]: disabled
30:064  0:000   - [change HDAS to HDEF]: pattern 48444153, patched at: [ (352) (12) (12) (A9FA) (15D1) (74) (D) (2B) (32) (4F) (6F) (C3) ]
30:064  0:000   - [change HECI to IMEI]: pattern 48454349, patched at: [ (10C95) ]
30:064  0:000   - [change MEI to IMEI]: pattern 4D45495F, bin not found / already patched!
30:065  0:000   - [change GFX0 to IGPU]: pattern 47465830, patched at: [ (1B0) (12) (12) (12) (12) (12) (12) (12) (12) (12) (12) (12) (12) (12) (12) (12) (12) (12) (12) (38CD) (60EB) (79FD) (1B) (1D51) (27) (2B9B) (14) (8B6B) (154B) (6AAB) (2267) (16) (779) ]
30:065  0:000   - [change OSID to XSID (to avoid match against _OSI XOSI patch)]: disabled
30:065  0:000   - [change _OSI to XOSI]: disabled
30:065  0:000   - [change _DSM to XDSM]: disabled
30:065  0:000   - [change EC0 to EC]: disabled
30:065  0:000   - [change H_EC to EC]: disabled
30:065  0:000   - [change ECDV to EC]: disabled
30:065  0:000    0 replacements
30:066  0:000  PreCleanup XSDT: count=28, length=260
30:066  0:000  PreCleanup XSDT, corrected XSDT: count=28, length=260
30:066  0:000  === [ ACPIPatchedAML ] ====================================
30:066  0:000  AutoMerge pass 1
30:066  0:000  Unsorted
30:066  0:000  Inserting SSDT-LPC.aml from EFI\CLOVER\ACPI\patched: ignore on pass 1
30:066  0:000  Inserting SSDT-USBX.aml from EFI\CLOVER\ACPI\patched: ignore on pass 1
30:066  0:000  Inserting SSDT-UIAC.aml from EFI\CLOVER\ACPI\patched: ignore on pass 1
30:066  0:000  Inserting SSDT-EC.aml from EFI\CLOVER\ACPI\patched: ignore on pass 1
30:066  0:000  Inserting SSDT-PNLF.aml from EFI\CLOVER\ACPI\patched: ignore on pass 1
30:066  0:000  Inserting SSDT-Disable-DGPU.aml from EFI\CLOVER\ACPI\patched: ignore on pass 1
30:066  0:000  Inserting SSDT-AppleALC.aml from EFI\CLOVER\ACPI\patched: ignore on pass 1
30:066  0:000  === [ ACPIDropTables ] ====================================
30:066  0:000  Drop tables from XSDT, SIGN=DMAR TableID=KBL  Length=168
30:066  0:000   Table[24]: DMAR  KBL   168 dropped
30:066  0:000  Patching SSDT SataTabl Length=882
30:066  0:000  0. [change EHC1 to EH01]: disabled
30:066  0:000  1. [change EHC2 to EH02]: disabled
30:066  0:000  2. [change HDAS to HDEF]: pattern 48444153, bin not found / already patched!
30:066  0:000  3. [change HECI to IMEI]: pattern 48454349, bin not found / already patched!
30:066  0:000  4. [change MEI to IMEI]: pattern 4D45495F, bin not found / already patched!
30:066  0:000  5. [change GFX0 to IGPU]: pattern 47465830, bin not found / already patched!
30:066  0:000  6. [change OSID to XSID (to avoid match against _OSI XOSI patch)]: disabled
30:066  0:000  7. [change _OSI to XOSI]: disabled
30:066  0:000  8. [change _DSM to XDSM]: disabled
30:066  0:000  9. [change EC0 to EC]: disabled
30:066  0:000  10. [change H_EC to EC]: disabled
30:066  0:000  11. [change ECDV to EC]: disabled
30:066  0:000    0 replacements
30:066  0:000  Patching SSDT SaSsdt  Length=12633
30:066  0:000  0. [change EHC1 to EH01]: disabled
30:066  0:000  1. [change EHC2 to EH02]: disabled
30:066  0:000  2. [change HDAS to HDEF]: pattern 48444153, bin not found / already patched!
30:066  0:000  3. [change HECI to IMEI]: pattern 48454349, bin not found / already patched!
30:066  0:000  4. [change MEI to IMEI]: pattern 4D45495F, bin not found / already patched!
30:066  0:000  5. [change GFX0 to IGPU]: pattern 47465830, patched at: [ (2D) (20) (46) (2A0) (1C8A) (A3A) (1D) (6EC) ]
30:066  0:000  6. [change OSID to XSID (to avoid match against _OSI XOSI patch)]: disabled
30:066  0:000  7. [change _OSI to XOSI]: disabled
30:066  0:000  8. [change _DSM to XDSM]: disabled
30:066  0:000  9. [change EC0 to EC]: disabled
30:066  0:000  10. [change H_EC to EC]: disabled
30:066  0:000  11. [change ECDV to EC]: disabled
30:066  0:000    0 replacements
30:066  0:000  Found OperationRegion(SANV, SystemMemory, 6A742358, ...)
30:066  0:000  Patching SSDT PegSsdt Length=10461
30:066  0:000  0. [change EHC1 to EH01]: disabled
30:066  0:000  1. [change EHC2 to EH02]: disabled
30:066  0:000  2. [change HDAS to HDEF]: pattern 48444153, bin not found / already patched!
30:066  0:000  3. [change HECI to IMEI]: pattern 48454349, bin not found / already patched!
30:066  0:000  4. [change MEI to IMEI]: pattern 4D45495F, bin not found / already patched!
30:066  0:000  5. [change GFX0 to IGPU]: pattern 47465830, bin not found / already patched!
30:066  0:000  6. [change OSID to XSID (to avoid match against _OSI XOSI patch)]: disabled
30:066  0:000  7. [change _OSI to XOSI]: disabled
30:066  0:000  8. [change _DSM to XDSM]: disabled
30:066  0:000  9. [change EC0 to EC]: disabled
30:066  0:000  10. [change H_EC to EC]: disabled
30:066  0:000  11. [change ECDV to EC]: disabled
30:066  0:000    0 replacements
30:066  0:000  Patching SSDT Ther_Rvp Length=3557
30:066  0:000  0. [change EHC1 to EH01]: disabled
30:066  0:000  1. [change EHC2 to EH02]: disabled
30:066  0:000  2. [change HDAS to HDEF]: pattern 48444153, bin not found / already patched!
30:066  0:000  3. [change HECI to IMEI]: pattern 48454349, bin not found / already patched!
30:066  0:000  4. [change MEI to IMEI]: pattern 4D45495F, bin not found / already patched!
30:066  0:000  5. [change GFX0 to IGPU]: pattern 47465830, bin not found / already patched!
30:066  0:000  6. [change OSID to XSID (to avoid match against _OSI XOSI patch)]: disabled
30:066  0:000  7. [change _OSI to XOSI]: disabled
30:066  0:000  8. [change _DSM to XDSM]: disabled
30:066  0:000  9. [change EC0 to EC]: disabled
30:066  0:000  10. [change H_EC to EC]: disabled
30:066  0:000  11. [change ECDV to EC]: disabled
30:066  0:000    0 replacements
30:066  0:000  Patching SSDT xh_rvp11 Length=2302
30:066  0:000  0. [change EHC1 to EH01]: disabled
30:066  0:000  1. [change EHC2 to EH02]: disabled
30:066  0:000  2. [change HDAS to HDEF]: pattern 48444153, bin not found / already patched!
30:066  0:000  3. [change HECI to IMEI]: pattern 48454349, bin not found / already patched!
30:066  0:000  4. [change MEI to IMEI]: pattern 4D45495F, bin not found / already patched!
30:066  0:000  5. [change GFX0 to IGPU]: pattern 47465830, bin not found / already patched!
30:066  0:000  6. [change OSID to XSID (to avoid match against _OSI XOSI patch)]: disabled
30:066  0:000  7. [change _OSI to XOSI]: disabled
30:066  0:000  8. [change _DSM to XDSM]: disabled
30:066  0:000  9. [change EC0 to EC]: disabled
30:066  0:000  10. [change H_EC to EC]: disabled
30:066  0:000  11. [change ECDV to EC]: disabled
30:066  0:000    0 replacements
30:066  0:000  Patching SSDT CpuSsdt Length=3806
30:066  0:000  0. [change EHC1 to EH01]: disabled
30:066  0:000  1. [change EHC2 to EH02]: disabled
30:066  0:000  2. [change HDAS to HDEF]: pattern 48444153, bin not found / already patched!
30:066  0:000  3. [change HECI to IMEI]: pattern 48454349, bin not found / already patched!
30:066  0:000  4. [change MEI to IMEI]: pattern 4D45495F, bin not found / already patched!
30:066  0:000  5. [change GFX0 to IGPU]: pattern 47465830, bin not found / already patched!
30:066  0:000  6. [change OSID to XSID (to avoid match against _OSI XOSI patch)]: disabled
30:066  0:000  7. [change _OSI to XOSI]: disabled
30:066  0:000  8. [change _DSM to XDSM]: disabled
30:066  0:000  9. [change EC0 to EC]: disabled
30:066  0:000  10. [change H_EC to EC]: disabled
30:066  0:000  11. [change ECDV to EC]: disabled
30:066  0:000    0 replacements
30:066  0:000  Found OperationRegion(PNVS, SystemMemory, 63C7F000, ...)
30:066  0:000  Patching SSDT HdaDsp Length=321
30:066  0:000  0. [change EHC1 to EH01]: disabled
30:066  0:000  1. [change EHC2 to EH02]: disabled
30:066  0:000  2. [change HDAS to HDEF]: pattern 48444153, patched at: [ (20) (48) ]
30:066  0:000  3. [change HECI to IMEI]: pattern 48454349, bin not found / already patched!
30:066  0:000  4. [change MEI to IMEI]: pattern 4D45495F, bin not found / already patched!
30:066  0:000  5. [change GFX0 to IGPU]: pattern 47465830, bin not found / already patched!
30:066  0:000  6. [change OSID to XSID (to avoid match against _OSI XOSI patch)]: disabled
30:066  0:000  7. [change _OSI to XOSI]: disabled
30:066  0:000  8. [change _DSM to XDSM]: disabled
30:066  0:000  9. [change EC0 to EC]: disabled
30:066  0:000  10. [change H_EC to EC]: disabled
30:066  0:000  11. [change ECDV to EC]: disabled
30:066  0:000    0 replacements
30:066  0:000  Patching SSDT sensrhub Length=671
30:066  0:000  0. [change EHC1 to EH01]: disabled
30:066  0:000  1. [change EHC2 to EH02]: disabled
30:066  0:000  2. [change HDAS to HDEF]: pattern 48444153, bin not found / already patched!
30:066  0:000  3. [change HECI to IMEI]: pattern 48454349, bin not found / already patched!
30:066  0:000  4. [change MEI to IMEI]: pattern 4D45495F, bin not found / already patched!
30:066  0:000  5. [change GFX0 to IGPU]: pattern 47465830, bin not found / already patched!
30:066  0:000  6. [change OSID to XSID (to avoid match against _OSI XOSI patch)]: disabled
30:066  0:000  7. [change _OSI to XOSI]: disabled
30:066  0:000  8. [change _DSM to XDSM]: disabled
30:066  0:000  9. [change EC0 to EC]: disabled
30:066  0:000  10. [change H_EC to EC]: disabled
30:066  0:000  11. [change ECDV to EC]: disabled
30:066  0:000    0 replacements
30:066  0:000  Patching SSDT PtidDevc Length=12290
30:066  0:000  0. [change EHC1 to EH01]: disabled
30:066  0:000  1. [change EHC2 to EH02]: disabled
30:066  0:000  2. [change HDAS to HDEF]: pattern 48444153, bin not found / already patched!
30:066  0:000  3. [change HECI to IMEI]: pattern 48454349, bin not found / already patched!
30:066  0:000  4. [change MEI to IMEI]: pattern 4D45495F, bin not found / already patched!
30:066  0:000  5. [change GFX0 to IGPU]: pattern 47465830, bin not found / already patched!
30:066  0:000  6. [change OSID to XSID (to avoid match against _OSI XOSI patch)]: disabled
30:066  0:000  7. [change _OSI to XOSI]: disabled
30:066  0:000  8. [change _DSM to XDSM]: disabled
30:066  0:000  9. [change EC0 to EC]: disabled
30:066  0:000  10. [change H_EC to EC]: disabled
30:066  0:000  11. [change ECDV to EC]: disabled
30:066  0:000    0 replacements
30:066  0:000  Patching SSDT TbtTypeC Length=542
30:066  0:000  0. [change EHC1 to EH01]: disabled
30:066  0:000  1. [change EHC2 to EH02]: disabled
30:066  0:000  2. [change HDAS to HDEF]: pattern 48444153, bin not found / already patched!
30:066  0:000  3. [change HECI to IMEI]: pattern 48454349, bin not found / already patched!
30:066  0:000  4. [change MEI to IMEI]: pattern 4D45495F, bin not found / already patched!
30:066  0:000  5. [change GFX0 to IGPU]: pattern 47465830, bin not found / already patched!
30:066  0:000  6. [change OSID to XSID (to avoid match against _OSI XOSI patch)]: disabled
30:066  0:000  7. [change _OSI to XOSI]: disabled
30:066  0:000  8. [change _DSM to XDSM]: disabled
30:066  0:000  9. [change EC0 to EC]: disabled
30:066  0:000  10. [change H_EC to EC]: disabled
30:066  0:000  11. [change ECDV to EC]: disabled
30:066  0:000    0 replacements
30:066  0:000  Patching SSDT SgPeg Length=174
30:066  0:000  0. [change EHC1 to EH01]: disabled
30:066  0:000  1. [change EHC2 to EH02]: disabled
30:066  0:000  2. [change HDAS to HDEF]: pattern 48444153, bin not found / already patched!
30:066  0:000  3. [change HECI to IMEI]: pattern 48454349, bin not found / already patched!
30:066  0:000  4. [change MEI to IMEI]: pattern 4D45495F, bin not found / already patched!
30:066  0:000  5. [change GFX0 to IGPU]: pattern 47465830, bin not found / already patched!
30:066  0:000  6. [change OSID to XSID (to avoid match against _OSI XOSI patch)]: disabled
30:066  0:000  7. [change _OSI to XOSI]: disabled
30:066  0:000  8. [change _DSM to XDSM]: disabled
30:066  0:000  9. [change EC0 to EC]: disabled
30:066  0:000  10. [change H_EC to EC]: disabled
30:066  0:000  11. [change ECDV to EC]: disabled
30:066  0:000    0 replacements
30:066  0:000  Patching SSDT OptTabl Length=7415
30:066  0:000  0. [change EHC1 to EH01]: disabled
30:066  0:000  1. [change EHC2 to EH02]: disabled
30:066  0:000  2. [change HDAS to HDEF]: pattern 48444153, bin not found / already patched!
30:066  0:000  3. [change HECI to IMEI]: pattern 48454349, bin not found / already patched!
30:066  0:000  4. [change MEI to IMEI]: pattern 4D45495F, bin not found / already patched!
30:066  0:000  5. [change GFX0 to IGPU]: pattern 47465830, patched at: [ (55) (28) (5F2) (91) (527) (1079) (11) ]
30:066  0:000  6. [change OSID to XSID (to avoid match against _OSI XOSI patch)]: disabled
30:066  0:000  7. [change _OSI to XOSI]: disabled
30:066  0:000  8. [change _DSM to XDSM]: disabled
30:066  0:000  9. [change EC0 to EC]: disabled
30:066  0:000  10. [change H_EC to EC]: disabled
30:066  0:000  11. [change ECDV to EC]: disabled
30:066  0:000    0 replacements
30:066  0:000  === [ ACPIPatchedAML ] ====================================
30:066  0:000  AutoMerge pass 2
30:066  0:000  Unsorted
30:066  0:000  Inserting SSDT-LPC.aml from EFI\CLOVER\ACPI\patched: size=383 ... Success
30:069  0:002  Inserting SSDT-USBX.aml from EFI\CLOVER\ACPI\patched: size=185 ... Success
30:071  0:002  Inserting SSDT-UIAC.aml from EFI\CLOVER\ACPI\patched: size=543 ... Success
30:074  0:002  Inserting SSDT-EC.aml from EFI\CLOVER\ACPI\patched: size=91 ... Success
30:076  0:002  Inserting SSDT-PNLF.aml from EFI\CLOVER\ACPI\patched: size=1028 ... Success
30:078  0:002  Inserting SSDT-Disable-DGPU.aml from EFI\CLOVER\ACPI\patched: size=94 ... Success
30:080  0:002  Inserting SSDT-AppleALC.aml from EFI\CLOVER\ACPI\patched: size=154 ... Success
30:082  0:002  CPUBase=0 and ApicCPUBase=1 ApicCPUNum=1
30:082  0:000  Maximum control=0x1C
30:082  0:000  Turbo control=0x26
30:082  0:000  P-States: min 0x8, max 0x26
30:082  0:000  SSDT with plugin-type without P-States is generated
30:082  0:000  Cleanup XSDT: count=36, length=324
30:082  0:000  corrected XSDT count=35, length=316
30:082  0:000  === [ RestSetup macOS ] ===================================
30:082  0:000  EdidDiscovered size=128
30:082  0:000  --- Discovered EDID Table size:128
30:082  0:000  000  |  00  FF  FF  FF  FF  FF  FF  00  0D  AE
30:082  0:000  010  |  D7  15  00  00  00  00  25  19  01  04
30:082  0:000  020  |  95  22  13  78  02  26  75  A6  56  50
30:082  0:000  030  |  99  27  0C  50  54  00  00  00  01  01
30:082  0:000  040  |  01  01  01  01  01  01  01  01  01  01
30:082  0:000  050  |  01  01  01  01  B4  3B  80  4A  71  38
30:082  0:000  060  |  34  40  50  36  68  00  58  C1  10  00
30:082  0:000  070  |  00  18  00  00  00  FE  00  4E  31  35
30:082  0:000  080  |  36  48  43  41  2D  45  41  31  0A  20
30:082  0:000  090  |  00  00  00  FE  00  43  4D  4E  0A  20
30:082  0:000  100  |  20  20  20  20  20  20  20  20  00  00
30:082  0:000  110  |  00  FE  00  4E  31  35  36  48  43  41
30:082  0:000  120  |  2D  45  41  31  0A  20  00  E2
30:083  0:000  add device: PciRoot(0x0)/Pci(0x1F,0x3)
30:083  0:000     Add key=layout-id valuelen=4
30:083  0:000  add device: PciRoot(0x0)/Pci(0x2,0x0)
30:083  0:000     Add key=framebuffer-stolenmem valuelen=4
30:083  0:000     Add key=framebuffer-patch-enable valuelen=4
30:083  0:000     Add key=framebuffer-fbmem valuelen=4
30:083  0:000     Add key=device-id valuelen=4
30:083  0:000     Add key=AAPL,ig-platform-id valuelen=4
30:083  0:000  NVidia GFX injection not set
30:083  0:000  Intel GFX injection not set
30:084  0:001   RCBA disabled; cannot use it
30:084  0:000  stringlength = 2856
30:084  0:000  CurrentMode: Width=1920 Height=1080
30:084  0:000  Beginning FSInjection
FSInjectionInstall ...
- Our FSI_SIMPLE_FILE_SYSTEM_PROTOCOL installed on handle: 65137F18
FSInjectionInstall ...
- Our FSI_SIMPLE_FILE_SYSTEM_PROTOCOL installed on handle: 65137F18
30:095  0:011  Use origin smbios table type 1 guid.
30:111  0:015    Force kext: System\Library\Extensions\IONetworkingFamily.kext
30:127  0:016      Force PlugIn kext: System\Library\Extensions\IONetworkingFamily.kext\Contents\PlugIns\AppleEthernetAquantiaAqtion.kext
30:132  0:005      Force PlugIn kext: System\Library\Extensions\IONetworkingFamily.kext\Contents\PlugIns\AppleBCM5701Ethernet.kext
30:139  0:007      Force PlugIn kext: System\Library\Extensions\IONetworkingFamily.kext\Contents\PlugIns\AppleIntelI210Ethernet.kext
30:143  0:004      Force PlugIn kext: System\Library\Extensions\IONetworkingFamily.kext\Contents\PlugIns\Intel82574L.kext
30:148  0:004      Force PlugIn kext: System\Library\Extensions\IONetworkingFamily.kext\Contents\PlugIns\IOEthernetAVBController.kext
30:151  0:002      Force PlugIn kext: System\Library\Extensions\IONetworkingFamily.kext\Contents\PlugIns\AppleEthernetAquantiaAqtionFirmware.kext
30:158  0:006      Force PlugIn kext: System\Library\Extensions\IONetworkingFamily.kext\Contents\PlugIns\AppleIntel8254XEthernet.kext
30:162  0:003      Force PlugIn kext: System\Library\Extensions\IONetworkingFamily.kext\Contents\PlugIns\AppleVmxnet3Ethernet.kext
30:166  0:003      Force PlugIn kext: System\Library\Extensions\IONetworkingFamily.kext\Contents\PlugIns\mDNSOffloadUserClient.kext
30:172  0:006  Preparing kexts injection for arch=x86_64 from EFI\CLOVER\kexts\10.15
30:172  0:000  Extra kext: EFI\CLOVER\kexts\10.15\USBInjectAll.kext (v.0.7.1)
30:254  0:082  Extra kext: EFI\CLOVER\kexts\10.15\AppleALC.kext (v.1.4.2)
30:401  0:146  Extra kext: EFI\CLOVER\kexts\10.15\CodecCommander.kext (v.2.7.1)
30:412  0:011  Extra kext: EFI\CLOVER\kexts\10.15\BrcmFirmwareData.kext (v.2.2.12)
30:426  0:013  Extra kext: EFI\CLOVER\kexts\10.15\BrcmBluetoothInjector.kext (v.2.2.12)
30:448  0:022  Extra kext: EFI\CLOVER\kexts\10.15\BrcmPatchRAM2.kext (v.2.2.12)
30:474  0:026  Extra kext: EFI\CLOVER\kexts\10.15\AirportBrcmFixup.kext (v.2.0.3)
30:483  0:008  Extra kext: EFI\CLOVER\kexts\10.15\ApplePS2SmartTouchPad.kext (v.4.6.8)
30:493  0:009    |-- PlugIn kext: EFI\CLOVER\kexts\10.15\ApplePS2SmartTouchPad.kext\Contents\PlugIns\ApplePS2Controller.kext (v.4.6.8)
30:499  0:006    |-- PlugIn kext: EFI\CLOVER\kexts\10.15\ApplePS2SmartTouchPad.kext\Contents\PlugIns\ApplePS2Keyboard.kext (v.4.6.8)
30:505  0:005  Extra kext: EFI\CLOVER\kexts\10.15\ACPIBatteryManager.kext (v.1.90.1)
30:512  0:007  Extra kext: EFI\CLOVER\kexts\10.15\FakeSMC_ACPISensors.kext (v.1800)
30:521  0:008  Extra kext: EFI\CLOVER\kexts\10.15\FakeSMC_CPUSensors.kext (v.1800)
30:527  0:006  Extra kext: EFI\CLOVER\kexts\10.15\FakeSMC_GPUSensors.kext (v.1800)
30:535  0:007  Extra kext: EFI\CLOVER\kexts\10.15\FakeSMC_LPCSensors.kext (v.1800)
30:610  0:075  Extra kext: EFI\CLOVER\kexts\10.15\FakeSMC_SMMSensors.kext (v.1800)
30:617  0:007  Extra kext: EFI\CLOVER\kexts\10.15\FakeSMC.kext (v.1800)
30:625  0:007  Extra kext: EFI\CLOVER\kexts\10.15\Lilu.kext (v.1.3.8)
30:632  0:007  Extra kext: EFI\CLOVER\kexts\10.15\RealtekRTL8111.kext (v.2.2.2)
30:640  0:007  Extra kext: EFI\CLOVER\kexts\10.15\WhateverGreen.kext (v.1.3.3)
30:653  0:012  SetStartupDiskVolume:
30:653  0:000    * Volume: 'Catalina'
30:653  0:000    * LoaderPath: '<null string>'
30:653  0:000    * DevPath: Catalina
30:653  0:000    * GUID = 411417A9-8A74-4132-A10C-36550D450277
30:653  0:000    * efi-boot-device: <array><dict><key>IOMatch</key><dict><key>IOProviderClass</key><string>IOMedia</string><key>IOPropertyMatch</key><dict><key>UUID</key><string>411417A9-8A74-4132-A10C-36550D450277</string></dict></dict></dict></array>
30:654  0:000  SetScreenResolution: 1920x1080 - already set
30:654  0:000  Custom boot is disabled
30:656  0:001  Closing log
